c:\users\reach\desktop\hlx\audio_process\source\signal_processing_win\debug\signal_processing.pch
c:\users\reach\desktop\hlx\audio_process\source\signal_processing_win\debug\vc120.pdb
c:\users\reach\desktop\hlx\audio_process\source\signal_processing_win\debug\vc120.idb
c:\users\reach\desktop\hlx\audio_process\source\signal_processing_win\debug\stdafx.obj
c:\users\reach\desktop\hlx\audio_process\source\signal_processing_win\debug\min_max_operations.obj
c:\users\reach\desktop\hlx\audio_process\source\signal_processing_win\debug\randomization_functions.obj
c:\users\reach\desktop\hlx\audio_process\source\signal_processing_win\debug\real_fft.obj
c:\users\reach\desktop\hlx\audio_process\source\signal_processing_win\debug\refl_coef_to_lpc.obj
c:\users\reach\desktop\hlx\audio_process\source\signal_processing_win\debug\resample.obj
c:\users\reach\desktop\hlx\audio_process\source\signal_processing_win\debug\resample_48khz.obj
c:\users\reach\desktop\hlx\audio_process\source\signal_processing_win\debug\resample_by_2.obj
c:\users\reach\desktop\hlx\audio_process\source\signal_processing_win\debug\resample_by_2_internal.obj
c:\users\reach\desktop\hlx\audio_process\source\signal_processing_win\debug\resample_by_2_mips.obj
c:\users\reach\desktop\hlx\audio_process\source\signal_processing_win\debug\resample_fractional.obj
c:\users\reach\desktop\hlx\audio_process\source\signal_processing_win\debug\splitting_filter.obj
c:\users\reach\desktop\hlx\audio_process\source\signal_processing_win\debug\spl_init.obj
c:\users\reach\desktop\hlx\audio_process\source\signal_processing_win\debug\spl_sqrt.obj
c:\users\reach\desktop\hlx\audio_process\source\signal_processing_win\debug\spl_sqrt_floor.obj
c:\users\reach\desktop\hlx\audio_process\source\signal_processing_win\debug\sqrt_of_one_minus_x_squared.obj
c:\users\reach\desktop\hlx\audio_process\source\signal_processing_win\debug\vector_scaling_operations.obj
c:\users\reach\desktop\hlx\audio_process\source\signal_processing_win\debug\copy_set_operations.obj
c:\users\reach\desktop\hlx\audio_process\source\signal_processing_win\debug\cross_correlation.obj
c:\users\reach\desktop\hlx\audio_process\source\signal_processing_win\debug\division_operations.obj
c:\users\reach\desktop\hlx\audio_process\source\signal_processing_win\debug\dot_product_with_scale.obj
c:\users\reach\desktop\hlx\audio_process\source\signal_processing_win\debug\downsample_fast.obj
c:\users\reach\desktop\hlx\audio_process\source\signal_processing_win\debug\energy.obj
c:\users\reach\desktop\hlx\audio_process\source\signal_processing_win\debug\filter_ar.obj
c:\users\reach\desktop\hlx\audio_process\source\signal_processing_win\debug\filter_ar_fast_q12.obj
c:\users\reach\desktop\hlx\audio_process\source\signal_processing_win\debug\filter_ma_fast_q12.obj
c:\users\reach\desktop\hlx\audio_process\source\signal_processing_win\debug\get_hanning_window.obj
c:\users\reach\desktop\hlx\audio_process\source\signal_processing_win\debug\get_scaling_square.obj
c:\users\reach\desktop\hlx\audio_process\source\signal_processing_win\debug\ilbc_specific_functions.obj
c:\users\reach\desktop\hlx\audio_process\source\signal_processing_win\debug\levinson_durbin.obj
c:\users\reach\desktop\hlx\audio_process\source\signal_processing_win\debug\lpc_to_refl_coef.obj
c:\users\reach\desktop\hlx\audio_process\source\signal_processing_win\debug\auto_correlation.obj
c:\users\reach\desktop\hlx\audio_process\source\signal_processing_win\debug\auto_corr_to_refl_coef.obj
c:\users\reach\desktop\hlx\audio_process\source\signal_processing_win\debug\complex_bit_reverse.obj
c:\users\reach\desktop\hlx\audio_process\source\signal_processing_win\debug\complex_fft.obj
c:\users\reach\desktop\hlx\audio_process\source\signal_processing_win\debug\signal_p.37149733.tlog\cl.command.1.tlog
c:\users\reach\desktop\hlx\audio_process\source\signal_processing_win\debug\signal_p.37149733.tlog\cl.read.1.tlog
c:\users\reach\desktop\hlx\audio_process\source\signal_processing_win\debug\signal_p.37149733.tlog\cl.write.1.tlog
